yarn run v1.22.22
$ vite
Port 5432 is in use, trying another one...
Port 5433 is in use, trying another one...

  VITE v5.4.19  ready in 48312:22:23 AM [vite] hmr update /src/pages/venues.tsx, /src/index.css
12:23:04 AM [vite] Pre-transform error: /app/src/pages/venues.tsx: Unterminated JSX contents. (972:10)

  970 |         </div>
  971 |       </div>
> 972 |     </div>
      |           ^
  973 |   )
  974 | }
  975 |
12:38:01 AM [vite] hmr update /src/pages/venues.tsx, /src/index.css
12:38:26 AM [vite] hmr update /src/pages/venues.tsx, /src/index.css
12:38:32 AM [vite] hmr update /src/pages/venues.tsx, /src/index.css
12:38:39 AM [vite] hmr update /src/pages/venues.tsx, /src/index.css
12:38:46 AM [vite] hmr update /src/pages/venues.tsx, /src/index.css
12:38:54 AM [vite] hmr update /src/pages/venues.tsx, /src/index.css
12:39:09 AM [vite] hmr update /src/pages/venues.tsx, /src/index.css
12:39:17 AM [vite] hmr update /src/pages/venues.tsx, /src/index.css
12:39:24 AM [vite] hmr update /src/pages/venues.tsx, /src/index.css
12:39:37 AM [vite] hmr update /src/pages/venues.tsx, /src/index.css
